\BOOKMARK [0][-]{chapter*.5}{Introduction}{}% 1
\BOOKMARK [-1][-]{part.1}{I Theoretical Framework : Extreme Value Theory}{}% 2
\BOOKMARK [0][-]{chapter.1}{Method of Block Maxima}{part.1}% 3
\BOOKMARK [1][-]{section.1.1}{Preliminaries}{chapter.1}% 4
\BOOKMARK [1][-]{section.1.2}{Extremal Types Theorem}{chapter.1}% 5
\BOOKMARK [1][-]{section.1.3}{Characterization of the GEV distributions : 3 Types}{chapter.1}% 6
\BOOKMARK [1][-]{section.1.4}{Applications : Examples of Convergence to GEV}{chapter.1}% 7
\BOOKMARK [1][-]{section.1.5}{Maximum Domain of Attraction}{chapter.1}% 8
\BOOKMARK [2][-]{subsection.1.5.1}{Domain of attraction for the 3 types of GEV}{section.1.5}% 9
\BOOKMARK [2][-]{subsection.1.5.2}{Closeness under tail equivalence property}{section.1.5}% 10
\BOOKMARK [2][-]{subsection.1.5.3}{Domain of attraction of the GEV}{section.1.5}% 11
\BOOKMARK [1][-]{section.1.6}{The Concepts of Return Levels and Return Periods}{chapter.1}% 12
\BOOKMARK [1][-]{section.1.7}{Inference}{chapter.1}% 13
\BOOKMARK [2][-]{subsection.1.7.1}{Likelihood-based Methods}{section.1.7}% 14
\BOOKMARK [2][-]{subsection.1.7.2}{Other Methods}{section.1.7}% 15
\BOOKMARK [1][-]{section.1.8}{Model Diagnostics : Goodness-of-Fit}{chapter.1}% 16
\BOOKMARK [2][-]{subsection.1.8.1}{Return Level Plot}{section.1.8}% 17
\BOOKMARK [0][-]{chapter.2}{Peaks-Over-Threshold Methods}{part.1}% 18
\BOOKMARK [1][-]{section.2.1}{Preliminaries: Intuitions}{chapter.2}% 19
\BOOKMARK [1][-]{section.2.2}{Characterization of the Generalized Pareto Distribution}{chapter.2}% 20
\BOOKMARK [2][-]{subsection.2.2.1}{Outline proof of the GPD and justification from GEV}{section.2.2}% 21
\BOOKMARK [2][-]{subsection.2.2.2}{Dependence of the scale parameter }{section.2.2}% 22
\BOOKMARK [2][-]{subsection.2.2.3}{Three different types of GPD and duality with GEV}{section.2.2}% 23
\BOOKMARK [2][-]{subsection.2.2.4}{Examples of the GPD as limiting distribution for exceedances }{section.2.2}% 24
\BOOKMARK [1][-]{section.2.3}{Return Levels}{chapter.2}% 25
\BOOKMARK [1][-]{section.2.4}{Point Process Approach}{chapter.2}% 26
\BOOKMARK [2][-]{subsection.2.4.1}{Non-homogeneous Poisson Process}{section.2.4}% 27
\BOOKMARK [1][-]{section.2.5}{Inference}{chapter.2}% 28
\BOOKMARK [2][-]{subsection.2.5.1}{Likelihood-based Methods}{section.2.5}% 29
\BOOKMARK [2][-]{subsection.2.5.2}{Profile Likelihood}{section.2.5}% 30
\BOOKMARK [2][-]{subsection.2.5.3}{Other Methods}{section.2.5}% 31
\BOOKMARK [2][-]{subsection.2.5.4}{Estimators Based on Extreme Order Statistics for EVI}{section.2.5}% 32
\BOOKMARK [2][-]{subsection.2.5.5}{The Probability-Weighted-Moment Estimator}{section.2.5}% 33
\BOOKMARK [2][-]{subsection.2.5.6}{Estimators based on Generalized Quantile }{section.2.5}% 34
\BOOKMARK [1][-]{section.2.6}{Threshold Selection \(Methods\) }{chapter.2}% 35
\BOOKMARK [2][-]{subsection.2.6.1}{Standard Threshold choice for the excess models}{section.2.6}% 36
\BOOKMARK [2][-]{subsection.2.6.2}{"Varying" Threshold : Mixture Models}{section.2.6}% 37
\BOOKMARK [3][-]{subsubsection.2.6.2.1}{Nonstationary extremes}{subsection.2.6.2}% 38
\BOOKMARK [0][-]{chapter.3}{Relaxing The Independence Assumption}{part.1}% 39
\BOOKMARK [1][-]{section.3.1}{Stationary Extremes}{chapter.3}% 40
\BOOKMARK [2][-]{subsection.3.1.1}{The extremal index}{section.3.1}% 41
\BOOKMARK [3][-]{equation.3.1.4}{Clusters of exceedances}{subsection.3.1.1}% 42
\BOOKMARK [3][-]{section*.46}{New parameters}{subsection.3.1.1}% 43
\BOOKMARK [3][-]{equation.3.1.5}{Return levels}{subsection.3.1.1}% 44
\BOOKMARK [2][-]{subsection.3.1.2}{Tail dependence}{section.3.1}% 45
\BOOKMARK [2][-]{subsection.3.1.3}{Modelling : Threshold Models}{section.3.1}% 46
\BOOKMARK [2][-]{subsection.3.1.4}{Applications}{section.3.1}% 47
\BOOKMARK [1][-]{section.3.2}{Non-Stationary Extremes}{chapter.3}% 48
\BOOKMARK [2][-]{subsection.3.2.1}{Block-Maxima}{section.3.2}% 49
\BOOKMARK [2][-]{subsection.3.2.2}{Diagnostics}{section.3.2}% 50
\BOOKMARK [1][-]{section.3.3}{Model Comparisons}{chapter.3}% 51
\BOOKMARK [2][-]{subsection.3.3.1}{Statistical Tools}{section.3.3}% 52
\BOOKMARK [1][-]{section.3.4}{Return Levels}{chapter.3}% 53
\BOOKMARK [1][-]{section.3.5}{Inference}{chapter.3}% 54
\BOOKMARK [0][-]{chapter.4}{Neural Network \(and others\) }{part.1}% 55
\BOOKMARK [1][-]{section.4.1}{Improvements For Modelling Non-stationary Sequences}{chapter.4}% 56
\BOOKMARK [2][-]{subsection.4.1.1}{Generalized Likelihood Methods}{section.4.1}% 57
\BOOKMARK [1][-]{section.4.2}{Neural-Network Based Inference}{chapter.4}% 58
\BOOKMARK [1][-]{section.4.3}{Bagging}{chapter.4}% 59
\BOOKMARK [1][-]{section.4.4}{Bootstrap Methods in EVT}{chapter.4}% 60
\BOOKMARK [2][-]{subsection.4.4.1}{Moving Block Bootstrap}{section.4.4}% 61
\BOOKMARK [1][-]{section.4.5}{Markov models}{chapter.4}% 62
\BOOKMARK [0][-]{chapter.5}{Bayesian Extreme Value Theory}{part.1}% 63
\BOOKMARK [1][-]{section.5.1}{Prior Elicitation}{chapter.5}% 64
\BOOKMARK [2][-]{subsection.5.1.1}{Non-informative Priors}{section.5.1}% 65
\BOOKMARK [2][-]{subsection.5.1.2}{Informative Priors}{section.5.1}% 66
\BOOKMARK [1][-]{section.5.2}{Bayesian Computation : Markov Chains}{chapter.5}% 67
\BOOKMARK [2][-]{subsection.5.2.1}{Algorithms}{section.5.2}% 68
\BOOKMARK [2][-]{subsection.5.2.2}{Hamiltonian Monte Carlo}{section.5.2}% 69
\BOOKMARK [2][-]{subsection.5.2.3}{Computational efficiency comparison}{section.5.2}% 70
\BOOKMARK [1][-]{section.5.3}{Convergence Diagnostics}{chapter.5}% 71
\BOOKMARK [2][-]{subsection.5.3.1}{Proposal Distribution}{section.5.3}% 72
\BOOKMARK [2][-]{subsection.5.3.2}{The problem of auto and cross-correlations in the chains}{section.5.3}% 73
\BOOKMARK [1][-]{section.5.4}{Posterior Predictive}{chapter.5}% 74
\BOOKMARK [1][-]{section.5.5}{Bayesian Predictive Accuracy for Model Validation}{chapter.5}% 75
\BOOKMARK [2][-]{subsection.5.5.1}{Cross-validation for predictive accuracy}{section.5.5}% 76
\BOOKMARK [1][-]{section.5.6}{Bayesien Inference ?}{chapter.5}% 77
\BOOKMARK [2][-]{subsection.5.6.1}{Bayesian Credible Intervals}{section.5.6}% 78
\BOOKMARK [2][-]{subsection.5.6.2}{Distribution of Quantiles : Return Levels}{section.5.6}% 79
\BOOKMARK [1][-]{section.5.7}{Bayesian Model Averaging}{chapter.5}% 80
\BOOKMARK [-1][-]{part.2}{II Experimental Framework : Nonstationary Extreme Value Analysis of Maximum Temperatures}{}% 81
\BOOKMARK [0][-]{chapter.6}{Introduction to the Analysis}{part.2}% 82
\BOOKMARK [1][-]{section*.71}{Repository for the code : R Package}{chapter.6}% 83
\BOOKMARK [2][-]{section*.72}{Visualization Tool : Shiny Application}{chapter.6}% 84
\BOOKMARK [1][-]{section.6.1}{Presentation of the Analysis : Temperatures from Uccle}{chapter.6}% 85
\BOOKMARK [2][-]{subsection.6.1.1}{Open shelter vs Closed shelter}{section.6.1}% 86
\BOOKMARK [2][-]{subsection.6.1.2}{Comparisons with freely available data}{section.6.1}% 87
\BOOKMARK [1][-]{section.6.2}{First Analysis : Block-Maxima}{chapter.6}% 88
\BOOKMARK [2][-]{subsection.6.2.1}{Descriptive Analysis}{section.6.2}% 89
\BOOKMARK [2][-]{subsection.6.2.2}{First visualization with simple models}{section.6.2}% 90
\BOOKMARK [2][-]{subsection.6.2.3}{Deeper Trend Analysis : Splines derivatives in GAM}{section.6.2}% 91
\BOOKMARK [3][-]{section*.75}{Pointwise vs Simultaneous intervals}{subsection.6.2.3}% 92
\BOOKMARK [3][-]{equation.6.2.2}{Methodology}{subsection.6.2.3}% 93
\BOOKMARK [3][-]{lstnumber.-2.1}{Final Results}{subsection.6.2.3}% 94
\BOOKMARK [1][-]{section.6.3}{Comments and Structure of the Analysis }{chapter.6}% 95
\BOOKMARK [0][-]{chapter.7}{First Analysis by GEV }{part.2}% 96
\BOOKMARK [1][-]{section*.83}{R packages for EVT}{chapter.7}% 97
\BOOKMARK [1][-]{section.7.1}{Estimation of the Model}{chapter.7}% 98
\BOOKMARK [2][-]{subsection.7.1.1}{Maximum Likelihood}{section.7.1}% 99
\BOOKMARK [2][-]{subsection.7.1.2}{Other Methods}{section.7.1}% 100
\BOOKMARK [1][-]{section.7.2}{Diagnostics}{chapter.7}% 101
\BOOKMARK [1][-]{section.7.3}{Return Levels}{chapter.7}% 102
\BOOKMARK [2][-]{subsection.7.3.1}{Profile Likelihood}{section.7.3}% 103
\BOOKMARK [1][-]{section.7.4}{Comments and Comparisons with POT}{chapter.7}% 104
\BOOKMARK [0][-]{chapter.8}{Stationary and Nonstationary GEV Analysis}{part.2}% 105
\BOOKMARK [1][-]{section.8.1}{Stationary Analysis}{chapter.8}% 106
\BOOKMARK [1][-]{section.8.2}{Nonstationary Analysis}{chapter.8}% 107
\BOOKMARK [1][-]{section.8.3}{Improvements with Neural Networks}{chapter.8}% 108
\BOOKMARK [0][-]{chapter.9}{Bayesian Extreme Value Analysis}{part.2}% 109
\BOOKMARK [1][-]{section.9.1}{From evdbayes R package : MH algorithm}{chapter.9}% 110
\BOOKMARK [1][-]{section.9.2}{From Our Functions \(R package\)}{chapter.9}% 111
\BOOKMARK [1][-]{section.9.3}{From HMC algorithm using STAN language}{chapter.9}% 112
\BOOKMARK [1][-]{section.9.4}{Ratio of Uniform : revdbayes package}{chapter.9}% 113
\BOOKMARK [1][-]{section.9.5}{Comparisons}{chapter.9}% 114
\BOOKMARK [2][-]{subsection.9.5.1}{STAN}{section.9.5}% 115
\BOOKMARK [1][-]{section.9.6}{Comparison with frequentists results}{chapter.9}% 116
\BOOKMARK [0][-]{section.9.6}{Conclusion}{part.2}% 117
\BOOKMARK [-1][-]{chapter*.88}{Appendix}{}% 118
\BOOKMARK [0][-]{appendix.A}{Statistical tools for Extreme Value Theory}{chapter*.88}% 119
\BOOKMARK [1][-]{section.A.1}{Tails of the distributions}{appendix.A}% 120
\BOOKMARK [1][-]{section.A.2}{Convergence concepts}{appendix.A}% 121
\BOOKMARK [1][-]{section.A.3}{Varying functions}{appendix.A}% 122
\BOOKMARK [1][-]{section.A.4}{Diagnostic Plots : Quantile and Probability Plots}{appendix.A}% 123
\BOOKMARK [0][-]{appendix.B}{Bayesian Methods}{chapter*.88}% 124
\BOOKMARK [1][-]{section.B.1}{Algorithms}{appendix.B}% 125
\BOOKMARK [2][-]{subsection.B.1.1}{Metropolis\205Hastings Algorithm}{section.B.1}% 126
\BOOKMARK [2][-]{subsection.B.1.2}{Gibbs Sampler}{section.B.1}% 127
\BOOKMARK [2][-]{subsection.B.1.3}{Hamiltonian Monte Carlo}{section.B.1}% 128
\BOOKMARK [0][-]{appendix.C}{Other Figures and Tables}{chapter*.88}% 129
\BOOKMARK [1][-]{section.C.1}{GEV : Influence of the Parameters on the Shape of the Distribution}{appendix.C}% 130
\BOOKMARK [1][-]{section.C.2}{Introduction of the Practical Analysis \(section 6\)}{appendix.C}% 131
\BOOKMARK [1][-]{section.C.3}{Analysis by GEV}{appendix.C}% 132
\BOOKMARK [0][-]{appendix.D}{Github Repository Structure}{chapter*.88}% 133
